=== TORCS Race Commentary Log - 2026-03-30 16:08:57 ===

[16:08:57] WE ARE ON! Engines roaring, the battle begins as the cars launch forward, jostling for every inch of track in a spectacular start, the grandstands shaking with excitement! The drivers are pushing to the limit, determined to seize every opportunity from the very first lap.
[16:09:10] Telemetry: Speed: 0 km/h, Track position: left side, Situation: straight | Granite response time: 10.698s
[16:09:10] Commentary: "The solitude is palpable as our sole spectator glides down the straight at absolute zero!"
[16:09:13] Telemetry: Speed: 84 km/h, Track position: center, Situation: straight | Granite response time: 3.018s
[16:09:13] Commentary: "He sails down the straight, leaving rivals far behind!"
[16:09:17] Telemetry: Speed: 90 km/h, Track position: left side, Situation: in corner | Granite response time: 3.583s
[16:09:17] Commentary: "He's lunging into that tight right-hander, braking sharply to avoid a potential tire blowout!"
[16:09:27] Telemetry: Speed: 105 km/h, Track position: left side, Situation: straight | Granite response time: 3.341s
[16:09:27] Commentary: "The car cuts sharply across the track, leaving a trail of dust in its wake!"
[16:09:38] Telemetry: Speed: 70 km/h, Track position: right side, Situation: in corner | Granite response time: 3.719s
[16:09:38] Commentary: "He squeezes through that tight spot, braking hard! The car's momentum carries it into the turn. A thrilling moment of speed!"
[16:09:47] Telemetry: Speed: 115 km/h, Track position: center, Situation: approaching corner | Granite response time: 3.525s
[16:09:47] Commentary: The champion's bow wave emerges! He expertly navigates the curve, leaving a trail of speed.
[16:09:57] Telemetry: Speed: 99 km/h, Track position: left side, Situation: approaching corner | Granite response time: 3.185s
[16:09:57] Commentary: "The early lead is slipping, he's tightening up in the turns!"
[16:10:08] Telemetry: Speed: 128 km/h, Track position: center, Situation: in corner | Granite response time: 4.095s
[16:10:08] Commentary: "He leans into the turn, his car's momentum carrying him smoothly. The speed? A staggering 128 km/h! He navigates the corner with precision and control."
[16:10:17] Telemetry: Speed: 118 km/h, Track position: center, Situation: approaching corner | Granite response time: 3.336s
[16:10:17] Commentary: "The master is rounding that final bend, setting a speedy pace! Stay tuned."
[16:10:28] Telemetry: Speed: 77 km/h, Track position: left side, Situation: in corner | Granite response time: 3.930s
[16:10:28] Commentary: "The car pulls away from the start, leaving a trail of dust! In that tight right-hander, he manages to squeeze through while keeping it cool!"
[16:10:37] Telemetry: Speed: 131 km/h, Track position: left side, Situation: straight | Granite response time: 3.221s
[16:10:37] Commentary: "He sails down the straight at full pace, leaving a trail of dust behind!"
[16:10:47] Telemetry: Speed: 89 km/h, Track position: left side, Situation: in corner | Granite response time: 2.988s
[16:10:47] Commentary: "Slowing down, leaving no room for error!"
[16:10:57] Telemetry: Speed: 78 km/h, Track position: left side, Situation: in corner | Granite response time: 3.199s
[16:10:57] Commentary: "The car battles through the tight corner, pushing all the way to the limit!"
[16:11:07] Telemetry: Speed: 114 km/h, Track position: center, Situation: in corner | Granite response time: 3.135s
[16:11:07] Commentary: "The pilot deftly navigates the corner, maintaining top speed!"
[16:11:18] Telemetry: Speed: 164 km/h, Track position: center, Situation: approaching corner | Granite response time: 4.112s
[16:11:18] Commentary: "The car lunges down the straight, accelerating to a blistering pace! In that moment, it's all about keeping the speed. Let's see how he navigates this left turn!"
[16:11:27] Telemetry: Speed: 137 km/h, Track position: center, Situation: approaching corner | Granite response time: 3.404s
[16:11:27] Commentary: "He's closing in, keeping it tight. This is a battle of the brakes!"
[16:11:37] Telemetry: Speed: 151 km/h, Track position: center, Situation: in corner | Granite response time: 3.010s
[16:11:37] Commentary: "He's making great progress down the inside of the curve!"
[16:11:47] Telemetry: Speed: 90 km/h, Track position: left side, Situation: in corner | Granite response time: 3.069s
[16:11:47] Commentary: "He darts through the turn, leaving no room for error!"
[16:11:58] Telemetry: Speed: 155 km/h, Track position: center, Situation: approaching corner | Granite response time: 3.740s
[16:11:58] Commentary: "The pilot grips the steering, eyes locked on the target. Aero brakes clamp down hard, propelling him into the tight bend!"
[16:12:08] Telemetry: Speed: 156 km/h, Track position: center, Situation: approaching corner | Granite response time: 3.418s
[16:12:08] Commentary: "The master rider pulls off a precision maneuver, navigating the tight bend with expert grace!"
[16:12:18] Telemetry: Speed: 75 km/h, Track position: right side, Situation: in corner | Granite response time: 3.849s
[16:12:18] Commentary: "He's accelerating sharply into the turn, his speed now over 80 km/h! The car is hugging the racing line tightly!"
